<?xml version="1.0" encoding="UTF-8"?>
<!-- Generated by org.testng.reporters.JUnitReportReporter -->
<testsuite hostname="LAPTOP-CKOV7N0K" failures="0" tests="1" name="mandatoryHomeWork.seleniumPractise.salesForce.TC001_CreateLegalEntity" time="52.902" errors="0" timestamp="2023-11-08T22:36:43 IST" skipped="0">
  <testcase classname="mandatoryHomeWork.seleniumPractise.salesForce.TC001_CreateLegalEntity" name="findDriverName" time="52.902"/>
</testsuite> <!-- mandatoryHomeWork.seleniumPractise.salesForce.TC001_CreateLegalEntity -->
